<?xml version="1.0" encoding="UTF-8"?>
<testsuite xmlns:xsi="http://www.w3.org/2001/XMLSchema-instance" xsi:noNamespaceSchemaLocation="https://maven.apache.org/surefire/maven-surefire-plugin/xsd/surefire-test-report.xsd" name="TestSuite" time="3.128" tests="3" errors="0" skipped="0" failures="1">
  <properties>
    <property name="gopherProxySet" value="false"/>
    <property name="awt.toolkit" value="sun.lwawt.macosx.LWCToolkit"/>
    <property name="socksProxyHost" value="127.0.0.1"/>
    <property name="http.proxyHost" value="127.0.0.1"/>
    <property name="java.specification.version" value="1.8"/>
    <property name="file.encoding.pkg" value="sun.io"/>
    <property name="sun.cpu.isalist" value=""/>
    <property name="sun.jnu.encoding" value="UTF-8"/>
    <property name="java.class.path" value="/Users/tomorrowisly/FactoryMode/target/test-classes:/Users/tomorrowisly/FactoryMode/target/classes:/Users/tomorrowisly/.m2/repository/junit/junit/4.11/junit-4.11.jar:/Users/tomorrowisly/.m2/repository/org/hamcrest/hamcrest-core/1.3/hamcrest-core-1.3.jar:/Users/tomorrowisly/.m2/repository/org/testng/testng/7.0.0/testng-7.0.0.jar:/Users/tomorrowisly/.m2/repository/com/beust/jcommander/1.72/jcommander-1.72.jar:/Users/tomorrowisly/.m2/repository/org/apache/httpcomponents/httpclient/4.5.9/httpclient-4.5.9.jar:/Users/tomorrowisly/.m2/repository/commons-logging/commons-logging/1.2/commons-logging-1.2.jar:/Users/tomorrowisly/.m2/repository/commons-codec/commons-codec/1.11/commons-codec-1.11.jar:/Users/tomorrowisly/.m2/repository/org/apache/httpcomponents/httpcore/4.4.11/httpcore-4.4.11.jar:/Users/tomorrowisly/.m2/repository/com/alibaba/fastjson/1.2.59/fastjson-1.2.59.jar:/Users/tomorrowisly/.m2/repository/net/sf/json-lib/json-lib/2.4/json-lib-2.4-jdk15.jar:/Users/tomorrowisly/.m2/repository/commons-beanutils/commons-beanutils/1.8.0/commons-beanutils-1.8.0.jar:/Users/tomorrowisly/.m2/repository/commons-collections/commons-collections/3.2.1/commons-collections-3.2.1.jar:/Users/tomorrowisly/.m2/repository/commons-lang/commons-lang/2.5/commons-lang-2.5.jar:/Users/tomorrowisly/.m2/repository/net/sf/ezmorph/ezmorph/1.0.6/ezmorph-1.0.6.jar:/Users/tomorrowisly/.m2/repository/com/linkedin/pegasus/test-util/1.15.18/test-util-1.15.18.jar:/Users/tomorrowisly/.m2/repository/org/slf4j/slf4j-api/1.6.2/slf4j-api-1.6.2.jar:/Users/tomorrowisly/.m2/repository/commons-httpclient/commons-httpclient/3.1/commons-httpclient-3.1.jar:/Users/tomorrowisly/.m2/repository/commons-io/commons-io/2.6/commons-io-2.6.jar:/Users/tomorrowisly/.m2/repository/org/slf4j/slf4j-nop/1.7.2/slf4j-nop-1.7.2.jar:/Users/tomorrowisly/.m2/repository/com/relevantcodes/extentreports/2.41.0/extentreports-2.41.0.jar:/Users/tomorrowisly/.m2/repository/org/jsoup/jsoup/1.8.3/jsoup-1.8.3.jar:/Users/tomorrowisly/.m2/repository/org/xerial/sqlite-jdbc/3.8.11.1/sqlite-jdbc-3.8.11.1.jar:/Users/tomorrowisly/.m2/repository/org/freemarker/freemarker/2.3.23/freemarker-2.3.23.jar:/Users/tomorrowisly/.m2/repository/org/mongodb/mongodb-driver/3.0.4/mongodb-driver-3.0.4.jar:/Users/tomorrowisly/.m2/repository/org/mongodb/bson/3.0.4/bson-3.0.4.jar:/Users/tomorrowisly/.m2/repository/org/mongodb/mongodb-driver-core/3.0.4/mongodb-driver-core-3.0.4.jar:/Users/tomorrowisly/.m2/repository/com/vimalselvam/testng-extentsreport/1.3.1/testng-extentsreport-1.3.1.jar:/Users/tomorrowisly/.m2/repository/com/google/guava/guava/20.0/guava-20.0.jar:/Users/tomorrowisly/.m2/repository/com/jayway/jsonpath/json-path/2.3.0/json-path-2.3.0.jar:/Users/tomorrowisly/.m2/repository/net/minidev/json-smart/2.3/json-smart-2.3.jar:/Users/tomorrowisly/.m2/repository/net/minidev/accessors-smart/1.2/accessors-smart-1.2.jar:/Users/tomorrowisly/.m2/repository/org/ow2/asm/asm/5.0.4/asm-5.0.4.jar:/Users/tomorrowisly/.m2/repository/com/aventstack/extentreports/3.1.5/extentreports-3.1.5.jar:/Users/tomorrowisly/.m2/repository/org/apache/httpcomponents/httpmime/4.5.2/httpmime-4.5.2.jar:/Users/tomorrowisly/.m2/repository/com/google/code/gson/gson/2.8.0/gson-2.8.0.jar:/Users/tomorrowisly/.m2/repository/io/qameta/allure/allure-testng/2.12.1/allure-testng-2.12.1.jar:/Users/tomorrowisly/.m2/repository/io/qameta/allure/allure-java-commons/2.12.1/allure-java-commons-2.12.1.jar:/Users/tomorrowisly/.m2/repository/io/qameta/allure/allure-model/2.12.1/allure-model-2.12.1.jar:/Users/tomorrowisly/.m2/repository/com/fasterxml/jackson/core/jackson-databind/2.9.8/jackson-databind-2.9.8.jar:/Users/tomorrowisly/.m2/repository/com/fasterxml/jackson/core/jackson-annotations/2.9.0/jackson-annotations-2.9.0.jar:/Users/tomorrowisly/.m2/repository/com/fasterxml/jackson/core/jackson-core/2.9.8/jackson-core-2.9.8.jar:/Users/tomorrowisly/.m2/repository/org/apache/tika/tika-core/1.20/tika-core-1.20.jar:/Users/tomorrowisly/.m2/repository/org/jooq/joor-java-8/0.9.10/joor-java-8-0.9.10.jar:/Users/tomorrowisly/.m2/repository/org/uncommons/reportng/1.1.4/reportng-1.1.4.jar:/Users/tomorrowisly/.m2/repository/velocity/velocity/1.4/velocity-1.4.jar:/Users/tomorrowisly/.m2/repository/velocity/velocity-dep/1.4/velocity-dep-1.4.jar:/Users/tomorrowisly/.m2/repository/com/google/inject/guice/4.2.2/guice-4.2.2.jar:/Users/tomorrowisly/.m2/repository/javax/inject/javax.inject/1/javax.inject-1.jar:/Users/tomorrowisly/.m2/repository/aopalliance/aopalliance/1.0/aopalliance-1.0.jar:"/>
    <property name="https.proxyPort" value="7890"/>
    <property name="java.vm.vendor" value="Oracle Corporation"/>
    <property name="sun.arch.data.model" value="64"/>
    <property name="java.vendor.url" value="http://java.oracle.com/"/>
    <property name="user.timezone" value=""/>
    <property name="java.vm.specification.version" value="1.8"/>
    <property name="os.name" value="Mac OS X"/>
    <property name="user.country" value="CN"/>
    <property name="sun.java.launcher" value="SUN_STANDARD"/>
    <property name="sun.boot.library.path" value="/Library/Java/JavaVirtualMachines/jdk1.8.0_181.jdk/Contents/Home/jre/lib"/>
    <property name="sun.java.command" value="/Users/tomorrowisly/FactoryMode/target/surefire/surefirebooter5475132494901430390.jar /Users/tomorrowisly/FactoryMode/target/surefire 2022-05-09T12-37-19_326-jvmRun1 surefire8074654971417750293tmp surefire_08132515128591547647tmp"/>
    <property name="http.nonProxyHosts" value="192.168.0.0/16|*.192.168.0.0/16|10.0.0.0/8|*.10.0.0.0/8|172.16.0.0/12|*.172.16.0.0/12|127.0.0.1|localhost|*.localhost|local|*.local|timestamp.apple.com|*.timestamp.apple.com"/>
    <property name="surefire.test.class.path" value="/Users/tomorrowisly/FactoryMode/target/test-classes:/Users/tomorrowisly/FactoryMode/target/classes:/Users/tomorrowisly/.m2/repository/junit/junit/4.11/junit-4.11.jar:/Users/tomorrowisly/.m2/repository/org/hamcrest/hamcrest-core/1.3/hamcrest-core-1.3.jar:/Users/tomorrowisly/.m2/repository/org/testng/testng/7.0.0/testng-7.0.0.jar:/Users/tomorrowisly/.m2/repository/com/beust/jcommander/1.72/jcommander-1.72.jar:/Users/tomorrowisly/.m2/repository/org/apache/httpcomponents/httpclient/4.5.9/httpclient-4.5.9.jar:/Users/tomorrowisly/.m2/repository/commons-logging/commons-logging/1.2/commons-logging-1.2.jar:/Users/tomorrowisly/.m2/repository/commons-codec/commons-codec/1.11/commons-codec-1.11.jar:/Users/tomorrowisly/.m2/repository/org/apache/httpcomponents/httpcore/4.4.11/httpcore-4.4.11.jar:/Users/tomorrowisly/.m2/repository/com/alibaba/fastjson/1.2.59/fastjson-1.2.59.jar:/Users/tomorrowisly/.m2/repository/net/sf/json-lib/json-lib/2.4/json-lib-2.4-jdk15.jar:/Users/tomorrowisly/.m2/repository/commons-beanutils/commons-beanutils/1.8.0/commons-beanutils-1.8.0.jar:/Users/tomorrowisly/.m2/repository/commons-collections/commons-collections/3.2.1/commons-collections-3.2.1.jar:/Users/tomorrowisly/.m2/repository/commons-lang/commons-lang/2.5/commons-lang-2.5.jar:/Users/tomorrowisly/.m2/repository/net/sf/ezmorph/ezmorph/1.0.6/ezmorph-1.0.6.jar:/Users/tomorrowisly/.m2/repository/com/linkedin/pegasus/test-util/1.15.18/test-util-1.15.18.jar:/Users/tomorrowisly/.m2/repository/org/slf4j/slf4j-api/1.6.2/slf4j-api-1.6.2.jar:/Users/tomorrowisly/.m2/repository/commons-httpclient/commons-httpclient/3.1/commons-httpclient-3.1.jar:/Users/tomorrowisly/.m2/repository/commons-io/commons-io/2.6/commons-io-2.6.jar:/Users/tomorrowisly/.m2/repository/org/slf4j/slf4j-nop/1.7.2/slf4j-nop-1.7.2.jar:/Users/tomorrowisly/.m2/repository/com/relevantcodes/extentreports/2.41.0/extentreports-2.41.0.jar:/Users/tomorrowisly/.m2/repository/org/jsoup/jsoup/1.8.3/jsoup-1.8.3.jar:/Users/tomorrowisly/.m2/repository/org/xerial/sqlite-jdbc/3.8.11.1/sqlite-jdbc-3.8.11.1.jar:/Users/tomorrowisly/.m2/repository/org/freemarker/freemarker/2.3.23/freemarker-2.3.23.jar:/Users/tomorrowisly/.m2/repository/org/mongodb/mongodb-driver/3.0.4/mongodb-driver-3.0.4.jar:/Users/tomorrowisly/.m2/repository/org/mongodb/bson/3.0.4/bson-3.0.4.jar:/Users/tomorrowisly/.m2/repository/org/mongodb/mongodb-driver-core/3.0.4/mongodb-driver-core-3.0.4.jar:/Users/tomorrowisly/.m2/repository/com/vimalselvam/testng-extentsreport/1.3.1/testng-extentsreport-1.3.1.jar:/Users/tomorrowisly/.m2/repository/com/google/guava/guava/20.0/guava-20.0.jar:/Users/tomorrowisly/.m2/repository/com/jayway/jsonpath/json-path/2.3.0/json-path-2.3.0.jar:/Users/tomorrowisly/.m2/repository/net/minidev/json-smart/2.3/json-smart-2.3.jar:/Users/tomorrowisly/.m2/repository/net/minidev/accessors-smart/1.2/accessors-smart-1.2.jar:/Users/tomorrowisly/.m2/repository/org/ow2/asm/asm/5.0.4/asm-5.0.4.jar:/Users/tomorrowisly/.m2/repository/com/aventstack/extentreports/3.1.5/extentreports-3.1.5.jar:/Users/tomorrowisly/.m2/repository/org/apache/httpcomponents/httpmime/4.5.2/httpmime-4.5.2.jar:/Users/tomorrowisly/.m2/repository/com/google/code/gson/gson/2.8.0/gson-2.8.0.jar:/Users/tomorrowisly/.m2/repository/io/qameta/allure/allure-testng/2.12.1/allure-testng-2.12.1.jar:/Users/tomorrowisly/.m2/repository/io/qameta/allure/allure-java-commons/2.12.1/allure-java-commons-2.12.1.jar:/Users/tomorrowisly/.m2/repository/io/qameta/allure/allure-model/2.12.1/allure-model-2.12.1.jar:/Users/tomorrowisly/.m2/repository/com/fasterxml/jackson/core/jackson-databind/2.9.8/jackson-databind-2.9.8.jar:/Users/tomorrowisly/.m2/repository/com/fasterxml/jackson/core/jackson-annotations/2.9.0/jackson-annotations-2.9.0.jar:/Users/tomorrowisly/.m2/repository/com/fasterxml/jackson/core/jackson-core/2.9.8/jackson-core-2.9.8.jar:/Users/tomorrowisly/.m2/repository/org/apache/tika/tika-core/1.20/tika-core-1.20.jar:/Users/tomorrowisly/.m2/repository/org/jooq/joor-java-8/0.9.10/joor-java-8-0.9.10.jar:/Users/tomorrowisly/.m2/repository/org/uncommons/reportng/1.1.4/reportng-1.1.4.jar:/Users/tomorrowisly/.m2/repository/velocity/velocity/1.4/velocity-1.4.jar:/Users/tomorrowisly/.m2/repository/velocity/velocity-dep/1.4/velocity-dep-1.4.jar:/Users/tomorrowisly/.m2/repository/com/google/inject/guice/4.2.2/guice-4.2.2.jar:/Users/tomorrowisly/.m2/repository/javax/inject/javax.inject/1/javax.inject-1.jar:/Users/tomorrowisly/.m2/repository/aopalliance/aopalliance/1.0/aopalliance-1.0.jar:"/>
    <property name="sun.cpu.endian" value="little"/>
    <property name="user.home" value="/Users/tomorrowisly"/>
    <property name="user.language" value="zh"/>
    <property name="java.specification.vendor" value="Oracle Corporation"/>
    <property name="java.home" value="/Library/Java/JavaVirtualMachines/jdk1.8.0_181.jdk/Contents/Home/jre"/>
    <property name="basedir" value="/Users/tomorrowisly/FactoryMode"/>
    <property name="https.proxyHost" value="127.0.0.1"/>
    <property name="file.separator" value="/"/>
    <property name="line.separator" value="&#10;"/>
    <property name="java.vm.specification.vendor" value="Oracle Corporation"/>
    <property name="java.specification.name" value="Java Platform API Specification"/>
    <property name="java.awt.graphicsenv" value="sun.awt.CGraphicsEnvironment"/>
    <property name="surefire.real.class.path" value="/Users/tomorrowisly/FactoryMode/target/surefire/surefirebooter5475132494901430390.jar"/>
    <property name="sun.boot.class.path" value="/Library/Java/JavaVirtualMachines/jdk1.8.0_181.jdk/Contents/Home/jre/lib/resources.jar:/Library/Java/JavaVirtualMachines/jdk1.8.0_181.jdk/Contents/Home/jre/lib/rt.jar:/Library/Java/JavaVirtualMachines/jdk1.8.0_181.jdk/Contents/Home/jre/lib/sunrsasign.jar:/Library/Java/JavaVirtualMachines/jdk1.8.0_181.jdk/Contents/Home/jre/lib/jsse.jar:/Library/Java/JavaVirtualMachines/jdk1.8.0_181.jdk/Contents/Home/jre/lib/jce.jar:/Library/Java/JavaVirtualMachines/jdk1.8.0_181.jdk/Contents/Home/jre/lib/charsets.jar:/Library/Java/JavaVirtualMachines/jdk1.8.0_181.jdk/Contents/Home/jre/lib/jfr.jar:/Library/Java/JavaVirtualMachines/jdk1.8.0_181.jdk/Contents/Home/jre/classes"/>
    <property name="sun.management.compiler" value="HotSpot 64-Bit Tiered Compilers"/>
    <property name="ftp.nonProxyHosts" value="192.168.0.0/16|*.192.168.0.0/16|10.0.0.0/8|*.10.0.0.0/8|172.16.0.0/12|*.172.16.0.0/12|127.0.0.1|localhost|*.localhost|local|*.local|timestamp.apple.com|*.timestamp.apple.com"/>
    <property name="java.runtime.version" value="1.8.0_181-b13"/>
    <property name="user.name" value="tomorrowisly"/>
    <property name="path.separator" value=":"/>
    <property name="os.version" value="10.16"/>
    <property name="java.endorsed.dirs" value="/Library/Java/JavaVirtualMachines/jdk1.8.0_181.jdk/Contents/Home/jre/lib/endorsed"/>
    <property name="java.runtime.name" value="Java(TM) SE Runtime Environment"/>
    <property name="file.encoding" value="UTF-8"/>
    <property name="java.vm.name" value="Java HotSpot(TM) 64-Bit Server VM"/>
    <property name="localRepository" value="/Users/tomorrowisly/.m2/repository"/>
    <property name="java.vendor.url.bug" value="http://bugreport.sun.com/bugreport/"/>
    <property name="java.io.tmpdir" value="/var/folders/64/y2rxngdn5rj2tl34j8zzb8zr0000gn/T/"/>
    <property name="idea.version" value="2021.2.3"/>
    <property name="java.version" value="1.8.0_181"/>
    <property name="user.dir" value="/Users/tomorrowisly/FactoryMode/target"/>
    <property name="os.arch" value="x86_64"/>
    <property name="socksProxyPort" value="7890"/>
    <property name="java.vm.specification.name" value="Java Virtual Machine Specification"/>
    <property name="java.awt.printerjob" value="sun.lwawt.macosx.CPrinterJob"/>
    <property name="sun.os.patch.level" value="unknown"/>
    <property name="java.library.path" value="/Users/tomorrowisly/Library/Java/Extensions:/Library/Java/Extensions:/Network/Library/Java/Extensions:/System/Library/Java/Extensions:/usr/lib/java:."/>
    <property name="java.vm.info" value="mixed mode"/>
    <property name="java.vendor" value="Oracle Corporation"/>
    <property name="java.vm.version" value="25.181-b13"/>
    <property name="java.ext.dirs" value="/Users/tomorrowisly/Library/Java/Extensions:/Library/Java/JavaVirtualMachines/jdk1.8.0_181.jdk/Contents/Home/jre/lib/ext:/Library/Java/Extensions:/Network/Library/Java/Extensions:/System/Library/Java/Extensions:/usr/lib/java"/>
    <property name="sun.io.unicode.encoding" value="UnicodeBig"/>
    <property name="java.class.version" value="52.0"/>
    <property name="socksNonProxyHosts" value="192.168.0.0/16|*.192.168.0.0/16|10.0.0.0/8|*.10.0.0.0/8|172.16.0.0/12|*.172.16.0.0/12|127.0.0.1|localhost|*.localhost|local|*.local|timestamp.apple.com|*.timestamp.apple.com"/>
    <property name="http.proxyPort" value="7890"/>
  </properties>
  <testcase name="test_2" classname="org.testNg.runTest" time="0.234"/>
  <testcase name="test_2" classname="org.testNg.runTest" time="0.004"/>
  <testcase name="test_1" classname="org.testNg.runTest" time="0.15">
    <failure message="Method org.testNg.runTest.test_1() didn&apos;t finish within the time-out 1" type="org.testng.internal.thread.ThreadTimeoutException">org.testng.internal.thread.ThreadTimeoutException: Method org.testNg.runTest.test_1() didn't finish within the time-out 1
</failure>
    <system-out><![CDATA[执行超时啦test_1
]]></system-out>
  </testcase>
</testsuite>